<?xml version="1.0" encoding="UTF-8"?>
<testsuite xmlns:xsi="http://www.w3.org/2001/XMLSchema-instance" xsi:noNamespaceSchemaLocation="https://maven.apache.org/surefire/maven-surefire-plugin/xsd/surefire-test-report.xsd" name="com.springboot.cli.JwtDomeApplicationTests" time="5.353" tests="1" errors="0" skipped="0" failures="0">
  <properties>
    <property name="sun.desktop" value="windows"/>
    <property name="awt.toolkit" value="sun.awt.windows.WToolkit"/>
    <property name="file.encoding.pkg" value="sun.io"/>
    <property name="java.specification.version" value="1.8"/>
    <property name="sun.cpu.isalist" value="amd64"/>
    <property name="sun.jnu.encoding" value="GBK"/>
    <property name="java.class.path" value="E:\sage-javon\sage-javon\target\test-classes;E:\sage-javon\sage-javon\target\classes;E:\machinemvn\apache-maven-3.6.3-bin\MavenRepo\org\springframework\boot\spring-boot-starter-web\2.5.3\spring-boot-starter-web-2.5.3.jar;E:\machinemvn\apache-maven-3.6.3-bin\MavenRepo\org\springframework\boot\spring-boot-starter\2.5.3\spring-boot-starter-2.5.3.jar;E:\machinemvn\apache-maven-3.6.3-bin\MavenRepo\org\springframework\boot\spring-boot\2.5.3\spring-boot-2.5.3.jar;E:\machinemvn\apache-maven-3.6.3-bin\MavenRepo\org\springframework\boot\spring-boot-starter-logging\2.5.3\spring-boot-starter-logging-2.5.3.jar;E:\machinemvn\apache-maven-3.6.3-bin\MavenRepo\ch\qos\logback\logback-classic\1.2.4\logback-classic-1.2.4.jar;E:\machinemvn\apache-maven-3.6.3-bin\MavenRepo\ch\qos\logback\logback-core\1.2.4\logback-core-1.2.4.jar;E:\machinemvn\apache-maven-3.6.3-bin\MavenRepo\org\apache\logging\log4j\log4j-to-slf4j\2.14.1\log4j-to-slf4j-2.14.1.jar;E:\machinemvn\apache-maven-3.6.3-bin\MavenRepo\org\apache\logging\log4j\log4j-api\2.14.1\log4j-api-2.14.1.jar;E:\machinemvn\apache-maven-3.6.3-bin\MavenRepo\org\slf4j\jul-to-slf4j\1.7.32\jul-to-slf4j-1.7.32.jar;E:\machinemvn\apache-maven-3.6.3-bin\MavenRepo\jakarta\annotation\jakarta.annotation-api\1.3.5\jakarta.annotation-api-1.3.5.jar;E:\machinemvn\apache-maven-3.6.3-bin\MavenRepo\org\yaml\snakeyaml\1.28\snakeyaml-1.28.jar;E:\machinemvn\apache-maven-3.6.3-bin\MavenRepo\org\springframework\boot\spring-boot-starter-json\2.5.3\spring-boot-starter-json-2.5.3.jar;E:\machinemvn\apache-maven-3.6.3-bin\MavenRepo\com\fasterxml\jackson\datatype\jackson-datatype-jdk8\2.12.4\jackson-datatype-jdk8-2.12.4.jar;E:\machinemvn\apache-maven-3.6.3-bin\MavenRepo\com\fasterxml\jackson\datatype\jackson-datatype-jsr310\2.12.4\jackson-datatype-jsr310-2.12.4.jar;E:\machinemvn\apache-maven-3.6.3-bin\MavenRepo\com\fasterxml\jackson\module\jackson-module-parameter-names\2.12.4\jackson-module-parameter-names-2.12.4.jar;E:\machinemvn\apache-maven-3.6.3-bin\MavenRepo\org\springframework\boot\spring-boot-starter-tomcat\2.5.3\spring-boot-starter-tomcat-2.5.3.jar;E:\machinemvn\apache-maven-3.6.3-bin\MavenRepo\org\apache\tomcat\embed\tomcat-embed-core\9.0.50\tomcat-embed-core-9.0.50.jar;E:\machinemvn\apache-maven-3.6.3-bin\MavenRepo\org\apache\tomcat\embed\tomcat-embed-el\9.0.50\tomcat-embed-el-9.0.50.jar;E:\machinemvn\apache-maven-3.6.3-bin\MavenRepo\org\apache\tomcat\embed\tomcat-embed-websocket\9.0.50\tomcat-embed-websocket-9.0.50.jar;E:\machinemvn\apache-maven-3.6.3-bin\MavenRepo\org\springframework\spring-web\5.3.9\spring-web-5.3.9.jar;E:\machinemvn\apache-maven-3.6.3-bin\MavenRepo\org\springframework\spring-beans\5.3.9\spring-beans-5.3.9.jar;E:\machinemvn\apache-maven-3.6.3-bin\MavenRepo\org\springframework\spring-webmvc\5.3.9\spring-webmvc-5.3.9.jar;E:\machinemvn\apache-maven-3.6.3-bin\MavenRepo\org\springframework\spring-aop\5.3.9\spring-aop-5.3.9.jar;E:\machinemvn\apache-maven-3.6.3-bin\MavenRepo\org\springframework\spring-context\5.3.9\spring-context-5.3.9.jar;E:\machinemvn\apache-maven-3.6.3-bin\MavenRepo\org\springframework\spring-expression\5.3.9\spring-expression-5.3.9.jar;E:\machinemvn\apache-maven-3.6.3-bin\MavenRepo\org\projectlombok\lombok\1.18.20\lombok-1.18.20.jar;E:\machinemvn\apache-maven-3.6.3-bin\MavenRepo\org\springframework\boot\spring-boot-starter-test\2.5.3\spring-boot-starter-test-2.5.3.jar;E:\machinemvn\apache-maven-3.6.3-bin\MavenRepo\org\springframework\boot\spring-boot-test\2.5.3\spring-boot-test-2.5.3.jar;E:\machinemvn\apache-maven-3.6.3-bin\MavenRepo\org\springframework\boot\spring-boot-test-autoconfigure\2.5.3\spring-boot-test-autoconfigure-2.5.3.jar;E:\machinemvn\apache-maven-3.6.3-bin\MavenRepo\com\jayway\jsonpath\json-path\2.5.0\json-path-2.5.0.jar;E:\machinemvn\apache-maven-3.6.3-bin\MavenRepo\net\minidev\json-smart\2.4.7\json-smart-2.4.7.jar;E:\machinemvn\apache-maven-3.6.3-bin\MavenRepo\net\minidev\accessors-smart\2.4.7\accessors-smart-2.4.7.jar;E:\machinemvn\apache-maven-3.6.3-bin\MavenRepo\org\ow2\asm\asm\9.1\asm-9.1.jar;E:\machinemvn\apache-maven-3.6.3-bin\MavenRepo\jakarta\xml\bind\jakarta.xml.bind-api\2.3.3\jakarta.xml.bind-api-2.3.3.jar;E:\machinemvn\apache-maven-3.6.3-bin\MavenRepo\jakarta\activation\jakarta.activation-api\1.2.2\jakarta.activation-api-1.2.2.jar;E:\machinemvn\apache-maven-3.6.3-bin\MavenRepo\org\assertj\assertj-core\3.19.0\assertj-core-3.19.0.jar;E:\machinemvn\apache-maven-3.6.3-bin\MavenRepo\org\hamcrest\hamcrest\2.2\hamcrest-2.2.jar;E:\machinemvn\apache-maven-3.6.3-bin\MavenRepo\org\junit\jupiter\junit-jupiter\5.7.2\junit-jupiter-5.7.2.jar;E:\machinemvn\apache-maven-3.6.3-bin\MavenRepo\org\junit\jupiter\junit-jupiter-api\5.7.2\junit-jupiter-api-5.7.2.jar;E:\machinemvn\apache-maven-3.6.3-bin\MavenRepo\org\apiguardian\apiguardian-api\1.1.0\apiguardian-api-1.1.0.jar;E:\machinemvn\apache-maven-3.6.3-bin\MavenRepo\org\opentest4j\opentest4j\1.2.0\opentest4j-1.2.0.jar;E:\machinemvn\apache-maven-3.6.3-bin\MavenRepo\org\junit\platform\junit-platform-commons\1.7.2\junit-platform-commons-1.7.2.jar;E:\machinemvn\apache-maven-3.6.3-bin\MavenRepo\org\junit\jupiter\junit-jupiter-params\5.7.2\junit-jupiter-params-5.7.2.jar;E:\machinemvn\apache-maven-3.6.3-bin\MavenRepo\org\junit\jupiter\junit-jupiter-engine\5.7.2\junit-jupiter-engine-5.7.2.jar;E:\machinemvn\apache-maven-3.6.3-bin\MavenRepo\org\junit\platform\junit-platform-engine\1.7.2\junit-platform-engine-1.7.2.jar;E:\machinemvn\apache-maven-3.6.3-bin\MavenRepo\org\mockito\mockito-core\3.9.0\mockito-core-3.9.0.jar;E:\machinemvn\apache-maven-3.6.3-bin\MavenRepo\net\bytebuddy\byte-buddy\1.10.22\byte-buddy-1.10.22.jar;E:\machinemvn\apache-maven-3.6.3-bin\MavenRepo\net\bytebuddy\byte-buddy-agent\1.10.22\byte-buddy-agent-1.10.22.jar;E:\machinemvn\apache-maven-3.6.3-bin\MavenRepo\org\objenesis\objenesis\3.2\objenesis-3.2.jar;E:\machinemvn\apache-maven-3.6.3-bin\MavenRepo\org\mockito\mockito-junit-jupiter\3.9.0\mockito-junit-jupiter-3.9.0.jar;E:\machinemvn\apache-maven-3.6.3-bin\MavenRepo\org\skyscreamer\jsonassert\1.5.0\jsonassert-1.5.0.jar;E:\machinemvn\apache-maven-3.6.3-bin\MavenRepo\com\vaadin\external\google\android-json\0.0.20131108.vaadin1\android-json-0.0.20131108.vaadin1.jar;E:\machinemvn\apache-maven-3.6.3-bin\MavenRepo\org\springframework\spring-core\5.3.9\spring-core-5.3.9.jar;E:\machinemvn\apache-maven-3.6.3-bin\MavenRepo\org\springframework\spring-jcl\5.3.9\spring-jcl-5.3.9.jar;E:\machinemvn\apache-maven-3.6.3-bin\MavenRepo\org\springframework\spring-test\5.3.9\spring-test-5.3.9.jar;E:\machinemvn\apache-maven-3.6.3-bin\MavenRepo\org\xmlunit\xmlunit-core\2.8.2\xmlunit-core-2.8.2.jar;E:\machinemvn\apache-maven-3.6.3-bin\MavenRepo\io\springfox\springfox-boot-starter\3.0.0\springfox-boot-starter-3.0.0.jar;E:\machinemvn\apache-maven-3.6.3-bin\MavenRepo\io\springfox\springfox-oas\3.0.0\springfox-oas-3.0.0.jar;E:\machinemvn\apache-maven-3.6.3-bin\MavenRepo\io\swagger\core\v3\swagger-annotations\2.1.2\swagger-annotations-2.1.2.jar;E:\machinemvn\apache-maven-3.6.3-bin\MavenRepo\io\swagger\core\v3\swagger-models\2.1.2\swagger-models-2.1.2.jar;E:\machinemvn\apache-maven-3.6.3-bin\MavenRepo\io\springfox\springfox-spi\3.0.0\springfox-spi-3.0.0.jar;E:\machinemvn\apache-maven-3.6.3-bin\MavenRepo\io\springfox\springfox-schema\3.0.0\springfox-schema-3.0.0.jar;E:\machinemvn\apache-maven-3.6.3-bin\MavenRepo\io\springfox\springfox-core\3.0.0\springfox-core-3.0.0.jar;E:\machinemvn\apache-maven-3.6.3-bin\MavenRepo\io\springfox\springfox-spring-web\3.0.0\springfox-spring-web-3.0.0.jar;E:\machinemvn\apache-maven-3.6.3-bin\MavenRepo\io\github\classgraph\classgraph\4.8.83\classgraph-4.8.83.jar;E:\machinemvn\apache-maven-3.6.3-bin\MavenRepo\io\springfox\springfox-spring-webmvc\3.0.0\springfox-spring-webmvc-3.0.0.jar;E:\machinemvn\apache-maven-3.6.3-bin\MavenRepo\io\springfox\springfox-spring-webflux\3.0.0\springfox-spring-webflux-3.0.0.jar;E:\machinemvn\apache-maven-3.6.3-bin\MavenRepo\io\springfox\springfox-swagger-common\3.0.0\springfox-swagger-common-3.0.0.jar;E:\machinemvn\apache-maven-3.6.3-bin\MavenRepo\org\mapstruct\mapstruct\1.3.1.Final\mapstruct-1.3.1.Final.jar;E:\machinemvn\apache-maven-3.6.3-bin\MavenRepo\io\springfox\springfox-data-rest\3.0.0\springfox-data-rest-3.0.0.jar;E:\machinemvn\apache-maven-3.6.3-bin\MavenRepo\io\springfox\springfox-bean-validators\3.0.0\springfox-bean-validators-3.0.0.jar;E:\machinemvn\apache-maven-3.6.3-bin\MavenRepo\io\springfox\springfox-swagger2\3.0.0\springfox-swagger2-3.0.0.jar;E:\machinemvn\apache-maven-3.6.3-bin\MavenRepo\io\swagger\swagger-annotations\1.5.20\swagger-annotations-1.5.20.jar;E:\machinemvn\apache-maven-3.6.3-bin\MavenRepo\io\swagger\swagger-models\1.5.20\swagger-models-1.5.20.jar;E:\machinemvn\apache-maven-3.6.3-bin\MavenRepo\io\springfox\springfox-swagger-ui\3.0.0\springfox-swagger-ui-3.0.0.jar;E:\machinemvn\apache-maven-3.6.3-bin\MavenRepo\com\fasterxml\classmate\1.5.1\classmate-1.5.1.jar;E:\machinemvn\apache-maven-3.6.3-bin\MavenRepo\org\slf4j\slf4j-api\1.7.32\slf4j-api-1.7.32.jar;E:\machinemvn\apache-maven-3.6.3-bin\MavenRepo\org\springframework\plugin\spring-plugin-core\2.0.0.RELEASE\spring-plugin-core-2.0.0.RELEASE.jar;E:\machinemvn\apache-maven-3.6.3-bin\MavenRepo\org\springframework\plugin\spring-plugin-metadata\2.0.0.RELEASE\spring-plugin-metadata-2.0.0.RELEASE.jar;E:\machinemvn\apache-maven-3.6.3-bin\MavenRepo\io\jsonwebtoken\jjwt\0.9.1\jjwt-0.9.1.jar;E:\machinemvn\apache-maven-3.6.3-bin\MavenRepo\com\fasterxml\jackson\core\jackson-databind\2.12.4\jackson-databind-2.12.4.jar;E:\machinemvn\apache-maven-3.6.3-bin\MavenRepo\com\fasterxml\jackson\core\jackson-annotations\2.12.4\jackson-annotations-2.12.4.jar;E:\machinemvn\apache-maven-3.6.3-bin\MavenRepo\com\fasterxml\jackson\core\jackson-core\2.12.4\jackson-core-2.12.4.jar;E:\machinemvn\apache-maven-3.6.3-bin\MavenRepo\com\auth0\java-jwt\3.18.3\java-jwt-3.18.3.jar;E:\machinemvn\apache-maven-3.6.3-bin\MavenRepo\javax\xml\bind\jaxb-api\2.3.1\jaxb-api-2.3.1.jar;E:\machinemvn\apache-maven-3.6.3-bin\MavenRepo\javax\activation\javax.activation-api\1.2.0\javax.activation-api-1.2.0.jar;E:\machinemvn\apache-maven-3.6.3-bin\MavenRepo\com\xhpolaris\service-idl-gen-java\1.0.2\service-idl-gen-java-1.0.2.jar;E:\machinemvn\apache-maven-3.6.3-bin\MavenRepo\io\grpc\grpc-netty-shaded\1.58.0\grpc-netty-shaded-1.58.0.jar;E:\machinemvn\apache-maven-3.6.3-bin\MavenRepo\io\perfmark\perfmark-api\0.26.0\perfmark-api-0.26.0.jar;E:\machinemvn\apache-maven-3.6.3-bin\MavenRepo\io\grpc\grpc-core\1.58.0\grpc-core-1.58.0.jar;E:\machinemvn\apache-maven-3.6.3-bin\MavenRepo\com\google\android\annotations\4.1.1.4\annotations-4.1.1.4.jar;E:\machinemvn\apache-maven-3.6.3-bin\MavenRepo\org\codehaus\mojo\animal-sniffer-annotations\1.23\animal-sniffer-annotations-1.23.jar;E:\machinemvn\apache-maven-3.6.3-bin\MavenRepo\io\grpc\grpc-context\1.58.0\grpc-context-1.58.0.jar;E:\machinemvn\apache-maven-3.6.3-bin\MavenRepo\io\grpc\grpc-util\1.58.0\grpc-util-1.58.0.jar;E:\machinemvn\apache-maven-3.6.3-bin\MavenRepo\io\grpc\grpc-stub\1.58.0\grpc-stub-1.58.0.jar;E:\machinemvn\apache-maven-3.6.3-bin\MavenRepo\io\grpc\grpc-api\1.58.0\grpc-api-1.58.0.jar;E:\machinemvn\apache-maven-3.6.3-bin\MavenRepo\io\grpc\grpc-protobuf\1.58.0\grpc-protobuf-1.58.0.jar;E:\machinemvn\apache-maven-3.6.3-bin\MavenRepo\com\google\api\grpc\proto-google-common-protos\2.22.0\proto-google-common-protos-2.22.0.jar;E:\machinemvn\apache-maven-3.6.3-bin\MavenRepo\io\grpc\grpc-protobuf-lite\1.58.0\grpc-protobuf-lite-1.58.0.jar;E:\machinemvn\apache-maven-3.6.3-bin\MavenRepo\com\google\code\gson\gson\2.9.0\gson-2.9.0.jar;E:\machinemvn\apache-maven-3.6.3-bin\MavenRepo\com\google\protobuf\protobuf-java-util\3.24.0\protobuf-java-util-3.24.0.jar;E:\machinemvn\apache-maven-3.6.3-bin\MavenRepo\com\google\protobuf\protobuf-java\3.24.0\protobuf-java-3.24.0.jar;E:\machinemvn\apache-maven-3.6.3-bin\MavenRepo\com\google\code\findbugs\jsr305\3.0.2\jsr305-3.0.2.jar;E:\machinemvn\apache-maven-3.6.3-bin\MavenRepo\com\google\errorprone\error_prone_annotations\2.18.0\error_prone_annotations-2.18.0.jar;E:\machinemvn\apache-maven-3.6.3-bin\MavenRepo\com\google\guava\guava\32.0.1-jre\guava-32.0.1-jre.jar;E:\machinemvn\apache-maven-3.6.3-bin\MavenRepo\com\google\guava\failureaccess\1.0.1\failureaccess-1.0.1.jar;E:\machinemvn\apache-maven-3.6.3-bin\MavenRepo\com\google\guava\listenablefuture\9999.0-empty-to-avoid-conflict-with-guava\listenablefuture-9999.0-empty-to-avoid-conflict-with-guava.jar;E:\machinemvn\apache-maven-3.6.3-bin\MavenRepo\org\checkerframework\checker-qual\3.33.0\checker-qual-3.33.0.jar;E:\machinemvn\apache-maven-3.6.3-bin\MavenRepo\com\google\j2objc\j2objc-annotations\2.8\j2objc-annotations-2.8.jar;E:\machinemvn\apache-maven-3.6.3-bin\MavenRepo\com\baomidou\mybatis-plus-boot-starter\3.5.2\mybatis-plus-boot-starter-3.5.2.jar;E:\machinemvn\apache-maven-3.6.3-bin\MavenRepo\com\baomidou\mybatis-plus\3.5.2\mybatis-plus-3.5.2.jar;E:\machinemvn\apache-maven-3.6.3-bin\MavenRepo\com\baomidou\mybatis-plus-extension\3.5.2\mybatis-plus-extension-3.5.2.jar;E:\machinemvn\apache-maven-3.6.3-bin\MavenRepo\com\baomidou\mybatis-plus-core\3.5.2\mybatis-plus-core-3.5.2.jar;E:\machinemvn\apache-maven-3.6.3-bin\MavenRepo\com\baomidou\mybatis-plus-annotation\3.5.2\mybatis-plus-annotation-3.5.2.jar;E:\machinemvn\apache-maven-3.6.3-bin\MavenRepo\com\github\jsqlparser\jsqlparser\4.4\jsqlparser-4.4.jar;E:\machinemvn\apache-maven-3.6.3-bin\MavenRepo\org\mybatis\mybatis\3.5.10\mybatis-3.5.10.jar;E:\machinemvn\apache-maven-3.6.3-bin\MavenRepo\org\mybatis\mybatis-spring\2.0.7\mybatis-spring-2.0.7.jar;E:\machinemvn\apache-maven-3.6.3-bin\MavenRepo\org\jetbrains\kotlin\kotlin-stdlib-jdk8\1.5.21\kotlin-stdlib-jdk8-1.5.21.jar;E:\machinemvn\apache-maven-3.6.3-bin\MavenRepo\org\jetbrains\kotlin\kotlin-stdlib\1.5.21\kotlin-stdlib-1.5.21.jar;E:\machinemvn\apache-maven-3.6.3-bin\MavenRepo\org\jetbrains\annotations\13.0\annotations-13.0.jar;E:\machinemvn\apache-maven-3.6.3-bin\MavenRepo\org\jetbrains\kotlin\kotlin-stdlib-common\1.5.21\kotlin-stdlib-common-1.5.21.jar;E:\machinemvn\apache-maven-3.6.3-bin\MavenRepo\org\jetbrains\kotlin\kotlin-stdlib-jdk7\1.5.21\kotlin-stdlib-jdk7-1.5.21.jar;E:\machinemvn\apache-maven-3.6.3-bin\MavenRepo\org\springframework\boot\spring-boot-autoconfigure\2.5.3\spring-boot-autoconfigure-2.5.3.jar;E:\machinemvn\apache-maven-3.6.3-bin\MavenRepo\org\springframework\boot\spring-boot-starter-jdbc\2.5.3\spring-boot-starter-jdbc-2.5.3.jar;E:\machinemvn\apache-maven-3.6.3-bin\MavenRepo\com\zaxxer\HikariCP\4.0.3\HikariCP-4.0.3.jar;E:\machinemvn\apache-maven-3.6.3-bin\MavenRepo\org\springframework\spring-jdbc\5.3.9\spring-jdbc-5.3.9.jar;E:\machinemvn\apache-maven-3.6.3-bin\MavenRepo\org\springframework\spring-tx\5.3.9\spring-tx-5.3.9.jar;E:\machinemvn\apache-maven-3.6.3-bin\MavenRepo\com\baomidou\dynamic-datasource-spring-boot-starter\3.5.2\dynamic-datasource-spring-boot-starter-3.5.2.jar;E:\machinemvn\apache-maven-3.6.3-bin\MavenRepo\org\springframework\boot\spring-boot-starter-aop\2.5.3\spring-boot-starter-aop-2.5.3.jar;E:\machinemvn\apache-maven-3.6.3-bin\MavenRepo\org\aspectj\aspectjweaver\1.9.7\aspectjweaver-1.9.7.jar;E:\machinemvn\apache-maven-3.6.3-bin\MavenRepo\mysql\mysql-connector-java\8.0.28\mysql-connector-java-8.0.28.jar;E:\machinemvn\apache-maven-3.6.3-bin\MavenRepo\org\apache\commons\commons-collections4\4.4\commons-collections4-4.4.jar;E:\machinemvn\apache-maven-3.6.3-bin\MavenRepo\org\apache\commons\commons-lang3\3.12.0\commons-lang3-3.12.0.jar;"/>
    <property name="java.vm.vendor" value="Oracle Corporation"/>
    <property name="sun.arch.data.model" value="64"/>
    <property name="user.variant" value=""/>
    <property name="java.vendor.url" value="http://java.oracle.com/"/>
    <property name="user.timezone" value="Asia/Shanghai"/>
    <property name="java.vm.specification.version" value="1.8"/>
    <property name="os.name" value="Windows 11"/>
    <property name="user.country" value="CN"/>
    <property name="sun.java.launcher" value="SUN_STANDARD"/>
    <property name="sun.boot.library.path" value="E:\jdk\jre\bin"/>
    <property name="sun.java.command" value="C:\Users\DELL\AppData\Local\Temp\surefire652461480000827301\surefirebooter8362432875624399869.jar C:\Users\DELL\AppData\Local\Temp\surefire652461480000827301 2024-04-18T18-08-49_570-jvmRun1 surefire3588745110198685540tmp surefire_05890818472180001271tmp"/>
    <property name="surefire.test.class.path" value="E:\sage-javon\sage-javon\target\test-classes;E:\sage-javon\sage-javon\target\classes;E:\machinemvn\apache-maven-3.6.3-bin\MavenRepo\org\springframework\boot\spring-boot-starter-web\2.5.3\spring-boot-starter-web-2.5.3.jar;E:\machinemvn\apache-maven-3.6.3-bin\MavenRepo\org\springframework\boot\spring-boot-starter\2.5.3\spring-boot-starter-2.5.3.jar;E:\machinemvn\apache-maven-3.6.3-bin\MavenRepo\org\springframework\boot\spring-boot\2.5.3\spring-boot-2.5.3.jar;E:\machinemvn\apache-maven-3.6.3-bin\MavenRepo\org\springframework\boot\spring-boot-starter-logging\2.5.3\spring-boot-starter-logging-2.5.3.jar;E:\machinemvn\apache-maven-3.6.3-bin\MavenRepo\ch\qos\logback\logback-classic\1.2.4\logback-classic-1.2.4.jar;E:\machinemvn\apache-maven-3.6.3-bin\MavenRepo\ch\qos\logback\logback-core\1.2.4\logback-core-1.2.4.jar;E:\machinemvn\apache-maven-3.6.3-bin\MavenRepo\org\apache\logging\log4j\log4j-to-slf4j\2.14.1\log4j-to-slf4j-2.14.1.jar;E:\machinemvn\apache-maven-3.6.3-bin\MavenRepo\org\apache\logging\log4j\log4j-api\2.14.1\log4j-api-2.14.1.jar;E:\machinemvn\apache-maven-3.6.3-bin\MavenRepo\org\slf4j\jul-to-slf4j\1.7.32\jul-to-slf4j-1.7.32.jar;E:\machinemvn\apache-maven-3.6.3-bin\MavenRepo\jakarta\annotation\jakarta.annotation-api\1.3.5\jakarta.annotation-api-1.3.5.jar;E:\machinemvn\apache-maven-3.6.3-bin\MavenRepo\org\yaml\snakeyaml\1.28\snakeyaml-1.28.jar;E:\machinemvn\apache-maven-3.6.3-bin\MavenRepo\org\springframework\boot\spring-boot-starter-json\2.5.3\spring-boot-starter-json-2.5.3.jar;E:\machinemvn\apache-maven-3.6.3-bin\MavenRepo\com\fasterxml\jackson\datatype\jackson-datatype-jdk8\2.12.4\jackson-datatype-jdk8-2.12.4.jar;E:\machinemvn\apache-maven-3.6.3-bin\MavenRepo\com\fasterxml\jackson\datatype\jackson-datatype-jsr310\2.12.4\jackson-datatype-jsr310-2.12.4.jar;E:\machinemvn\apache-maven-3.6.3-bin\MavenRepo\com\fasterxml\jackson\module\jackson-module-parameter-names\2.12.4\jackson-module-parameter-names-2.12.4.jar;E:\machinemvn\apache-maven-3.6.3-bin\MavenRepo\org\springframework\boot\spring-boot-starter-tomcat\2.5.3\spring-boot-starter-tomcat-2.5.3.jar;E:\machinemvn\apache-maven-3.6.3-bin\MavenRepo\org\apache\tomcat\embed\tomcat-embed-core\9.0.50\tomcat-embed-core-9.0.50.jar;E:\machinemvn\apache-maven-3.6.3-bin\MavenRepo\org\apache\tomcat\embed\tomcat-embed-el\9.0.50\tomcat-embed-el-9.0.50.jar;E:\machinemvn\apache-maven-3.6.3-bin\MavenRepo\org\apache\tomcat\embed\tomcat-embed-websocket\9.0.50\tomcat-embed-websocket-9.0.50.jar;E:\machinemvn\apache-maven-3.6.3-bin\MavenRepo\org\springframework\spring-web\5.3.9\spring-web-5.3.9.jar;E:\machinemvn\apache-maven-3.6.3-bin\MavenRepo\org\springframework\spring-beans\5.3.9\spring-beans-5.3.9.jar;E:\machinemvn\apache-maven-3.6.3-bin\MavenRepo\org\springframework\spring-webmvc\5.3.9\spring-webmvc-5.3.9.jar;E:\machinemvn\apache-maven-3.6.3-bin\MavenRepo\org\springframework\spring-aop\5.3.9\spring-aop-5.3.9.jar;E:\machinemvn\apache-maven-3.6.3-bin\MavenRepo\org\springframework\spring-context\5.3.9\spring-context-5.3.9.jar;E:\machinemvn\apache-maven-3.6.3-bin\MavenRepo\org\springframework\spring-expression\5.3.9\spring-expression-5.3.9.jar;E:\machinemvn\apache-maven-3.6.3-bin\MavenRepo\org\projectlombok\lombok\1.18.20\lombok-1.18.20.jar;E:\machinemvn\apache-maven-3.6.3-bin\MavenRepo\org\springframework\boot\spring-boot-starter-test\2.5.3\spring-boot-starter-test-2.5.3.jar;E:\machinemvn\apache-maven-3.6.3-bin\MavenRepo\org\springframework\boot\spring-boot-test\2.5.3\spring-boot-test-2.5.3.jar;E:\machinemvn\apache-maven-3.6.3-bin\MavenRepo\org\springframework\boot\spring-boot-test-autoconfigure\2.5.3\spring-boot-test-autoconfigure-2.5.3.jar;E:\machinemvn\apache-maven-3.6.3-bin\MavenRepo\com\jayway\jsonpath\json-path\2.5.0\json-path-2.5.0.jar;E:\machinemvn\apache-maven-3.6.3-bin\MavenRepo\net\minidev\json-smart\2.4.7\json-smart-2.4.7.jar;E:\machinemvn\apache-maven-3.6.3-bin\MavenRepo\net\minidev\accessors-smart\2.4.7\accessors-smart-2.4.7.jar;E:\machinemvn\apache-maven-3.6.3-bin\MavenRepo\org\ow2\asm\asm\9.1\asm-9.1.jar;E:\machinemvn\apache-maven-3.6.3-bin\MavenRepo\jakarta\xml\bind\jakarta.xml.bind-api\2.3.3\jakarta.xml.bind-api-2.3.3.jar;E:\machinemvn\apache-maven-3.6.3-bin\MavenRepo\jakarta\activation\jakarta.activation-api\1.2.2\jakarta.activation-api-1.2.2.jar;E:\machinemvn\apache-maven-3.6.3-bin\MavenRepo\org\assertj\assertj-core\3.19.0\assertj-core-3.19.0.jar;E:\machinemvn\apache-maven-3.6.3-bin\MavenRepo\org\hamcrest\hamcrest\2.2\hamcrest-2.2.jar;E:\machinemvn\apache-maven-3.6.3-bin\MavenRepo\org\junit\jupiter\junit-jupiter\5.7.2\junit-jupiter-5.7.2.jar;E:\machinemvn\apache-maven-3.6.3-bin\MavenRepo\org\junit\jupiter\junit-jupiter-api\5.7.2\junit-jupiter-api-5.7.2.jar;E:\machinemvn\apache-maven-3.6.3-bin\MavenRepo\org\apiguardian\apiguardian-api\1.1.0\apiguardian-api-1.1.0.jar;E:\machinemvn\apache-maven-3.6.3-bin\MavenRepo\org\opentest4j\opentest4j\1.2.0\opentest4j-1.2.0.jar;E:\machinemvn\apache-maven-3.6.3-bin\MavenRepo\org\junit\platform\junit-platform-commons\1.7.2\junit-platform-commons-1.7.2.jar;E:\machinemvn\apache-maven-3.6.3-bin\MavenRepo\org\junit\jupiter\junit-jupiter-params\5.7.2\junit-jupiter-params-5.7.2.jar;E:\machinemvn\apache-maven-3.6.3-bin\MavenRepo\org\junit\jupiter\junit-jupiter-engine\5.7.2\junit-jupiter-engine-5.7.2.jar;E:\machinemvn\apache-maven-3.6.3-bin\MavenRepo\org\junit\platform\junit-platform-engine\1.7.2\junit-platform-engine-1.7.2.jar;E:\machinemvn\apache-maven-3.6.3-bin\MavenRepo\org\mockito\mockito-core\3.9.0\mockito-core-3.9.0.jar;E:\machinemvn\apache-maven-3.6.3-bin\MavenRepo\net\bytebuddy\byte-buddy\1.10.22\byte-buddy-1.10.22.jar;E:\machinemvn\apache-maven-3.6.3-bin\MavenRepo\net\bytebuddy\byte-buddy-agent\1.10.22\byte-buddy-agent-1.10.22.jar;E:\machinemvn\apache-maven-3.6.3-bin\MavenRepo\org\objenesis\objenesis\3.2\objenesis-3.2.jar;E:\machinemvn\apache-maven-3.6.3-bin\MavenRepo\org\mockito\mockito-junit-jupiter\3.9.0\mockito-junit-jupiter-3.9.0.jar;E:\machinemvn\apache-maven-3.6.3-bin\MavenRepo\org\skyscreamer\jsonassert\1.5.0\jsonassert-1.5.0.jar;E:\machinemvn\apache-maven-3.6.3-bin\MavenRepo\com\vaadin\external\google\android-json\0.0.20131108.vaadin1\android-json-0.0.20131108.vaadin1.jar;E:\machinemvn\apache-maven-3.6.3-bin\MavenRepo\org\springframework\spring-core\5.3.9\spring-core-5.3.9.jar;E:\machinemvn\apache-maven-3.6.3-bin\MavenRepo\org\springframework\spring-jcl\5.3.9\spring-jcl-5.3.9.jar;E:\machinemvn\apache-maven-3.6.3-bin\MavenRepo\org\springframework\spring-test\5.3.9\spring-test-5.3.9.jar;E:\machinemvn\apache-maven-3.6.3-bin\MavenRepo\org\xmlunit\xmlunit-core\2.8.2\xmlunit-core-2.8.2.jar;E:\machinemvn\apache-maven-3.6.3-bin\MavenRepo\io\springfox\springfox-boot-starter\3.0.0\springfox-boot-starter-3.0.0.jar;E:\machinemvn\apache-maven-3.6.3-bin\MavenRepo\io\springfox\springfox-oas\3.0.0\springfox-oas-3.0.0.jar;E:\machinemvn\apache-maven-3.6.3-bin\MavenRepo\io\swagger\core\v3\swagger-annotations\2.1.2\swagger-annotations-2.1.2.jar;E:\machinemvn\apache-maven-3.6.3-bin\MavenRepo\io\swagger\core\v3\swagger-models\2.1.2\swagger-models-2.1.2.jar;E:\machinemvn\apache-maven-3.6.3-bin\MavenRepo\io\springfox\springfox-spi\3.0.0\springfox-spi-3.0.0.jar;E:\machinemvn\apache-maven-3.6.3-bin\MavenRepo\io\springfox\springfox-schema\3.0.0\springfox-schema-3.0.0.jar;E:\machinemvn\apache-maven-3.6.3-bin\MavenRepo\io\springfox\springfox-core\3.0.0\springfox-core-3.0.0.jar;E:\machinemvn\apache-maven-3.6.3-bin\MavenRepo\io\springfox\springfox-spring-web\3.0.0\springfox-spring-web-3.0.0.jar;E:\machinemvn\apache-maven-3.6.3-bin\MavenRepo\io\github\classgraph\classgraph\4.8.83\classgraph-4.8.83.jar;E:\machinemvn\apache-maven-3.6.3-bin\MavenRepo\io\springfox\springfox-spring-webmvc\3.0.0\springfox-spring-webmvc-3.0.0.jar;E:\machinemvn\apache-maven-3.6.3-bin\MavenRepo\io\springfox\springfox-spring-webflux\3.0.0\springfox-spring-webflux-3.0.0.jar;E:\machinemvn\apache-maven-3.6.3-bin\MavenRepo\io\springfox\springfox-swagger-common\3.0.0\springfox-swagger-common-3.0.0.jar;E:\machinemvn\apache-maven-3.6.3-bin\MavenRepo\org\mapstruct\mapstruct\1.3.1.Final\mapstruct-1.3.1.Final.jar;E:\machinemvn\apache-maven-3.6.3-bin\MavenRepo\io\springfox\springfox-data-rest\3.0.0\springfox-data-rest-3.0.0.jar;E:\machinemvn\apache-maven-3.6.3-bin\MavenRepo\io\springfox\springfox-bean-validators\3.0.0\springfox-bean-validators-3.0.0.jar;E:\machinemvn\apache-maven-3.6.3-bin\MavenRepo\io\springfox\springfox-swagger2\3.0.0\springfox-swagger2-3.0.0.jar;E:\machinemvn\apache-maven-3.6.3-bin\MavenRepo\io\swagger\swagger-annotations\1.5.20\swagger-annotations-1.5.20.jar;E:\machinemvn\apache-maven-3.6.3-bin\MavenRepo\io\swagger\swagger-models\1.5.20\swagger-models-1.5.20.jar;E:\machinemvn\apache-maven-3.6.3-bin\MavenRepo\io\springfox\springfox-swagger-ui\3.0.0\springfox-swagger-ui-3.0.0.jar;E:\machinemvn\apache-maven-3.6.3-bin\MavenRepo\com\fasterxml\classmate\1.5.1\classmate-1.5.1.jar;E:\machinemvn\apache-maven-3.6.3-bin\MavenRepo\org\slf4j\slf4j-api\1.7.32\slf4j-api-1.7.32.jar;E:\machinemvn\apache-maven-3.6.3-bin\MavenRepo\org\springframework\plugin\spring-plugin-core\2.0.0.RELEASE\spring-plugin-core-2.0.0.RELEASE.jar;E:\machinemvn\apache-maven-3.6.3-bin\MavenRepo\org\springframework\plugin\spring-plugin-metadata\2.0.0.RELEASE\spring-plugin-metadata-2.0.0.RELEASE.jar;E:\machinemvn\apache-maven-3.6.3-bin\MavenRepo\io\jsonwebtoken\jjwt\0.9.1\jjwt-0.9.1.jar;E:\machinemvn\apache-maven-3.6.3-bin\MavenRepo\com\fasterxml\jackson\core\jackson-databind\2.12.4\jackson-databind-2.12.4.jar;E:\machinemvn\apache-maven-3.6.3-bin\MavenRepo\com\fasterxml\jackson\core\jackson-annotations\2.12.4\jackson-annotations-2.12.4.jar;E:\machinemvn\apache-maven-3.6.3-bin\MavenRepo\com\fasterxml\jackson\core\jackson-core\2.12.4\jackson-core-2.12.4.jar;E:\machinemvn\apache-maven-3.6.3-bin\MavenRepo\com\auth0\java-jwt\3.18.3\java-jwt-3.18.3.jar;E:\machinemvn\apache-maven-3.6.3-bin\MavenRepo\javax\xml\bind\jaxb-api\2.3.1\jaxb-api-2.3.1.jar;E:\machinemvn\apache-maven-3.6.3-bin\MavenRepo\javax\activation\javax.activation-api\1.2.0\javax.activation-api-1.2.0.jar;E:\machinemvn\apache-maven-3.6.3-bin\MavenRepo\com\xhpolaris\service-idl-gen-java\1.0.2\service-idl-gen-java-1.0.2.jar;E:\machinemvn\apache-maven-3.6.3-bin\MavenRepo\io\grpc\grpc-netty-shaded\1.58.0\grpc-netty-shaded-1.58.0.jar;E:\machinemvn\apache-maven-3.6.3-bin\MavenRepo\io\perfmark\perfmark-api\0.26.0\perfmark-api-0.26.0.jar;E:\machinemvn\apache-maven-3.6.3-bin\MavenRepo\io\grpc\grpc-core\1.58.0\grpc-core-1.58.0.jar;E:\machinemvn\apache-maven-3.6.3-bin\MavenRepo\com\google\android\annotations\4.1.1.4\annotations-4.1.1.4.jar;E:\machinemvn\apache-maven-3.6.3-bin\MavenRepo\org\codehaus\mojo\animal-sniffer-annotations\1.23\animal-sniffer-annotations-1.23.jar;E:\machinemvn\apache-maven-3.6.3-bin\MavenRepo\io\grpc\grpc-context\1.58.0\grpc-context-1.58.0.jar;E:\machinemvn\apache-maven-3.6.3-bin\MavenRepo\io\grpc\grpc-util\1.58.0\grpc-util-1.58.0.jar;E:\machinemvn\apache-maven-3.6.3-bin\MavenRepo\io\grpc\grpc-stub\1.58.0\grpc-stub-1.58.0.jar;E:\machinemvn\apache-maven-3.6.3-bin\MavenRepo\io\grpc\grpc-api\1.58.0\grpc-api-1.58.0.jar;E:\machinemvn\apache-maven-3.6.3-bin\MavenRepo\io\grpc\grpc-protobuf\1.58.0\grpc-protobuf-1.58.0.jar;E:\machinemvn\apache-maven-3.6.3-bin\MavenRepo\com\google\api\grpc\proto-google-common-protos\2.22.0\proto-google-common-protos-2.22.0.jar;E:\machinemvn\apache-maven-3.6.3-bin\MavenRepo\io\grpc\grpc-protobuf-lite\1.58.0\grpc-protobuf-lite-1.58.0.jar;E:\machinemvn\apache-maven-3.6.3-bin\MavenRepo\com\google\code\gson\gson\2.9.0\gson-2.9.0.jar;E:\machinemvn\apache-maven-3.6.3-bin\MavenRepo\com\google\protobuf\protobuf-java-util\3.24.0\protobuf-java-util-3.24.0.jar;E:\machinemvn\apache-maven-3.6.3-bin\MavenRepo\com\google\protobuf\protobuf-java\3.24.0\protobuf-java-3.24.0.jar;E:\machinemvn\apache-maven-3.6.3-bin\MavenRepo\com\google\code\findbugs\jsr305\3.0.2\jsr305-3.0.2.jar;E:\machinemvn\apache-maven-3.6.3-bin\MavenRepo\com\google\errorprone\error_prone_annotations\2.18.0\error_prone_annotations-2.18.0.jar;E:\machinemvn\apache-maven-3.6.3-bin\MavenRepo\com\google\guava\guava\32.0.1-jre\guava-32.0.1-jre.jar;E:\machinemvn\apache-maven-3.6.3-bin\MavenRepo\com\google\guava\failureaccess\1.0.1\failureaccess-1.0.1.jar;E:\machinemvn\apache-maven-3.6.3-bin\MavenRepo\com\google\guava\listenablefuture\9999.0-empty-to-avoid-conflict-with-guava\listenablefuture-9999.0-empty-to-avoid-conflict-with-guava.jar;E:\machinemvn\apache-maven-3.6.3-bin\MavenRepo\org\checkerframework\checker-qual\3.33.0\checker-qual-3.33.0.jar;E:\machinemvn\apache-maven-3.6.3-bin\MavenRepo\com\google\j2objc\j2objc-annotations\2.8\j2objc-annotations-2.8.jar;E:\machinemvn\apache-maven-3.6.3-bin\MavenRepo\com\baomidou\mybatis-plus-boot-starter\3.5.2\mybatis-plus-boot-starter-3.5.2.jar;E:\machinemvn\apache-maven-3.6.3-bin\MavenRepo\com\baomidou\mybatis-plus\3.5.2\mybatis-plus-3.5.2.jar;E:\machinemvn\apache-maven-3.6.3-bin\MavenRepo\com\baomidou\mybatis-plus-extension\3.5.2\mybatis-plus-extension-3.5.2.jar;E:\machinemvn\apache-maven-3.6.3-bin\MavenRepo\com\baomidou\mybatis-plus-core\3.5.2\mybatis-plus-core-3.5.2.jar;E:\machinemvn\apache-maven-3.6.3-bin\MavenRepo\com\baomidou\mybatis-plus-annotation\3.5.2\mybatis-plus-annotation-3.5.2.jar;E:\machinemvn\apache-maven-3.6.3-bin\MavenRepo\com\github\jsqlparser\jsqlparser\4.4\jsqlparser-4.4.jar;E:\machinemvn\apache-maven-3.6.3-bin\MavenRepo\org\mybatis\mybatis\3.5.10\mybatis-3.5.10.jar;E:\machinemvn\apache-maven-3.6.3-bin\MavenRepo\org\mybatis\mybatis-spring\2.0.7\mybatis-spring-2.0.7.jar;E:\machinemvn\apache-maven-3.6.3-bin\MavenRepo\org\jetbrains\kotlin\kotlin-stdlib-jdk8\1.5.21\kotlin-stdlib-jdk8-1.5.21.jar;E:\machinemvn\apache-maven-3.6.3-bin\MavenRepo\org\jetbrains\kotlin\kotlin-stdlib\1.5.21\kotlin-stdlib-1.5.21.jar;E:\machinemvn\apache-maven-3.6.3-bin\MavenRepo\org\jetbrains\annotations\13.0\annotations-13.0.jar;E:\machinemvn\apache-maven-3.6.3-bin\MavenRepo\org\jetbrains\kotlin\kotlin-stdlib-common\1.5.21\kotlin-stdlib-common-1.5.21.jar;E:\machinemvn\apache-maven-3.6.3-bin\MavenRepo\org\jetbrains\kotlin\kotlin-stdlib-jdk7\1.5.21\kotlin-stdlib-jdk7-1.5.21.jar;E:\machinemvn\apache-maven-3.6.3-bin\MavenRepo\org\springframework\boot\spring-boot-autoconfigure\2.5.3\spring-boot-autoconfigure-2.5.3.jar;E:\machinemvn\apache-maven-3.6.3-bin\MavenRepo\org\springframework\boot\spring-boot-starter-jdbc\2.5.3\spring-boot-starter-jdbc-2.5.3.jar;E:\machinemvn\apache-maven-3.6.3-bin\MavenRepo\com\zaxxer\HikariCP\4.0.3\HikariCP-4.0.3.jar;E:\machinemvn\apache-maven-3.6.3-bin\MavenRepo\org\springframework\spring-jdbc\5.3.9\spring-jdbc-5.3.9.jar;E:\machinemvn\apache-maven-3.6.3-bin\MavenRepo\org\springframework\spring-tx\5.3.9\spring-tx-5.3.9.jar;E:\machinemvn\apache-maven-3.6.3-bin\MavenRepo\com\baomidou\dynamic-datasource-spring-boot-starter\3.5.2\dynamic-datasource-spring-boot-starter-3.5.2.jar;E:\machinemvn\apache-maven-3.6.3-bin\MavenRepo\org\springframework\boot\spring-boot-starter-aop\2.5.3\spring-boot-starter-aop-2.5.3.jar;E:\machinemvn\apache-maven-3.6.3-bin\MavenRepo\org\aspectj\aspectjweaver\1.9.7\aspectjweaver-1.9.7.jar;E:\machinemvn\apache-maven-3.6.3-bin\MavenRepo\mysql\mysql-connector-java\8.0.28\mysql-connector-java-8.0.28.jar;E:\machinemvn\apache-maven-3.6.3-bin\MavenRepo\org\apache\commons\commons-collections4\4.4\commons-collections4-4.4.jar;E:\machinemvn\apache-maven-3.6.3-bin\MavenRepo\org\apache\commons\commons-lang3\3.12.0\commons-lang3-3.12.0.jar;"/>
    <property name="sun.cpu.endian" value="little"/>
    <property name="user.home" value="C:\Users\DELL"/>
    <property name="user.language" value="zh"/>
    <property name="java.specification.vendor" value="Oracle Corporation"/>
    <property name="java.home" value="E:\jdk\jre"/>
    <property name="basedir" value="E:\sage-javon\sage-javon"/>
    <property name="file.separator" value="\"/>
    <property name="line.separator" value="&#10;"/>
    <property name="java.vm.specification.vendor" value="Oracle Corporation"/>
    <property name="java.specification.name" value="Java Platform API Specification"/>
    <property name="java.awt.graphicsenv" value="sun.awt.Win32GraphicsEnvironment"/>
    <property name="surefire.real.class.path" value="C:\Users\DELL\AppData\Local\Temp\surefire652461480000827301\surefirebooter8362432875624399869.jar"/>
    <property name="sun.boot.class.path" value="E:\jdk\jre\lib\resources.jar;E:\jdk\jre\lib\rt.jar;E:\jdk\jre\lib\jsse.jar;E:\jdk\jre\lib\jce.jar;E:\jdk\jre\lib\charsets.jar;E:\jdk\jre\lib\jfr.jar;E:\jdk\jre\classes"/>
    <property name="user.script" value=""/>
    <property name="sun.management.compiler" value="HotSpot 64-Bit Tiered Compilers"/>
    <property name="java.runtime.version" value="1.8.0_381-b09"/>
    <property name="user.name" value="DELL"/>
    <property name="path.separator" value=";"/>
    <property name="os.version" value="10.0"/>
    <property name="java.endorsed.dirs" value="E:\jdk\jre\lib\endorsed"/>
    <property name="java.runtime.name" value="Java(TM) SE Runtime Environment"/>
    <property name="file.encoding" value="GBK"/>
    <property name="java.vm.name" value="Java HotSpot(TM) 64-Bit Server VM"/>
    <property name="localRepository" value="E:\machinemvn\apache-maven-3.6.3-bin\MavenRepo"/>
    <property name="java.vendor.url.bug" value="http://bugreport.sun.com/bugreport/"/>
    <property name="java.io.tmpdir" value="C:\Users\DELL\AppData\Local\Temp\"/>
    <property name="idea.version" value="2021.1.3"/>
    <property name="java.version" value="1.8.0_381"/>
    <property name="user.dir" value="E:\sage-javon\sage-javon"/>
    <property name="os.arch" value="amd64"/>
    <property name="java.vm.specification.name" value="Java Virtual Machine Specification"/>
    <property name="java.awt.printerjob" value="sun.awt.windows.WPrinterJob"/>
    <property name="sun.os.patch.level" value=""/>
    <property name="java.library.path" value="E:\jdk\jre\bin;C:\WINDOWS\Sun\Java\bin;C:\WINDOWS\system32;C:\WINDOWS;C:\Users\DELL\AppData\Local\Programs\Python\Python38\;C:\Users\DELL\AppData\Local\Programs\Python\Python38\Scripts\;C:\Users\DELL\AppData\Local\Programs\Python\Python36\;C:\Users\DELL\AppData\Local\Programs\Python\Python36\Scripts\;E:\jdk\bin;C:\Program Files\Common Files\Oracle\Java\javapath;C:\WINDOWS\system32;C:\WINDOWS;C:\WINDOWS\System32\Wbem;C:\WINDOWS\System32\WindowsPowerShell\v1.0\;&quot;C:\WINDOWS\System32\OpenSSH\;&quot;;&quot;E:\jdk\jre\bin;%GNU_HOME%\bin&quot;;C:\Program Files\Git\cmd;C:\Program Files\dotnet\;C:\Program Files\PuTTY\;C:\Program Files\CodeBlocks\MinGW\bin;C:\ProgramData\chocolatey\bin;C:\Program Files\Go\bin;E:\protoc-3.20.2-win64\bin;E:\machinemvn\apache-maven-3.9.0-bin\apache-maven-3.9.0\bin;C:\Program Files\TortoiseGit\bin;C:\WINDOWS\System32\OpenSSH\;E:\Anaconda;E:\Anaconda\Scripts;E:\Anaconda\envs\tensor\Library\bin;C:\Users\DELL\AppData\Roaming\nvm;C:\Program Files\nodejs;C:\Users\DELL\AppData\Local\Programs\Python\Python310\Scripts\;C:\Users\DELL\AppData\Local\Programs\Python\Python310\;E:\machinemvn\apache-maven-3.6.3-bin\apache-maven-3.6.3\bin;C:\Users\DELL\AppData\Local\Microsoft\WindowsApps;D:\PyCharm Community Edition 2023.3.2\bin;E:\IntelliJ IDEA Community Edition 2023.3.5\bin;C:\Users\DELL\AppData\Roaming\nvm;C:\Program Files\nodejs;."/>
    <property name="java.vm.info" value="mixed mode"/>
    <property name="java.vendor" value="Oracle Corporation"/>
    <property name="java.vm.version" value="25.381-b09"/>
    <property name="java.specification.maintenance.version" value="5"/>
    <property name="java.ext.dirs" value="E:\jdk\jre\lib\ext;C:\WINDOWS\Sun\Java\lib\ext"/>
    <property name="sun.io.unicode.encoding" value="UnicodeLittle"/>
    <property name="maven.repo.local" value="E:\machinemvn\apache-maven-3.6.3-bin\MavenRepo"/>
    <property name="java.class.version" value="52.0"/>
  </properties>
  <testcase name="contextLoads" classname="com.springboot.cli.JwtDomeApplicationTests" time="0.195"/>
</testsuite>